2014-02-08 10:36:12.313 GMA[61197:80b] Multi-tasking -> Device: YES, App: YES
2014-02-08 10:36:12.372 GMA[61197:80b] Unlimited access to network resources
2014-02-08 10:36:12.383 GMA[61197:80b] Fix applied for database locations?: YES
2014-02-08 10:36:13.838 GMA[61197:80b] Resetting plugins due to page load.
2014-02-08 10:36:14.421 GMA[61197:80b] Finished load of: file:///Users/joshuachan/Library/Application%20Support/iPhone%20Simulator/7.0.3/Applications/A69C5BF6-BB51-4B0F-9BE8-3D86B12A5AAF/GMA.app/www/index.html
2014-02-08 10:36:59.327 GMA[61197:7807] ERROR: unable to get the receiver data from the DB!
2014-02-08 10:47:08.084 GMA[62177:80b] Multi-tasking -> Device: YES, App: YES
2014-02-08 10:47:08.095 GMA[62177:80b] Unlimited access to network resources
2014-02-08 10:47:08.397 GMA[62177:80b] Resetting plugins due to page load.
2014-02-08 10:47:08.688 GMA[62177:80b] Finished load of: file:///Users/joshuachan/Library/Application%20Support/iPhone%20Simulator/7.0.3/Applications/A69C5BF6-BB51-4B0F-9BE8-3D86B12A5AAF/GMA.app/www/index.html
2014-02-08 10:47:46.793 GMA[62177:530f] ERROR: unable to get the receiver data from the DB!
2014-02-09 04:11:26.166 GMA[65162:80b] Multi-tasking -> Device: YES, App: YES
2014-02-09 04:11:26.206 GMA[65162:80b] Unlimited access to network resources
2014-02-09 04:11:26.478 GMA[65162:80b] Resetting plugins due to page load.
2014-02-09 04:11:26.927 GMA[65162:80b] Finished load of: file:///Users/joshuachan/Library/Application%20Support/iPhone%20Simulator/7.0.3/Applications/A69C5BF6-BB51-4B0F-9BE8-3D86B12A5AAF/GMA.app/www/index.html
2014-02-09 04:11:40.289 GMA[65162:1203] ERROR: unable to get the receiver data from the DB!
2014-02-09 04:11:44.120 GMA[65162:80b] THREAD WARNING: ['Notification'] took '106.474854' ms. Plugin should use a background thread.
2014-02-09 04:12:23.734 GMA[65162:80b] THREAD WARNING: ['Notification'] took '13.799072' ms. Plugin should use a background thread.
2014-02-09 04:21:35.167 GMA[66152:80b] Multi-tasking -> Device: YES, App: YES
2014-02-09 04:21:35.179 GMA[66152:80b] Unlimited access to network resources
2014-02-09 04:21:35.435 GMA[66152:80b] Resetting plugins due to page load.
2014-02-09 04:21:35.781 GMA[66152:80b] Finished load of: file:///Users/joshuachan/Library/Application%20Support/iPhone%20Simulator/7.0.3/Applications/A69C5BF6-BB51-4B0F-9BE8-3D86B12A5AAF/GMA.app/www/index.html
2014-02-09 04:21:53.464 GMA[66152:2c07] ERROR: unable to get the receiver data from the DB!
2014-02-09 04:26:52.113 GMA[67135:80b] Multi-tasking -> Device: YES, App: YES
2014-02-09 04:26:52.126 GMA[67135:80b] Unlimited access to network resources
2014-02-09 04:26:52.427 GMA[67135:80b] Resetting plugins due to page load.
2014-02-09 04:26:52.722 GMA[67135:80b] Finished load of: file:///Users/joshuachan/Library/Application%20Support/iPhone%20Simulator/7.0.3/Applications/A69C5BF6-BB51-4B0F-9BE8-3D86B12A5AAF/GMA.app/www/index.html
Feb  9 04:26:56 Freyr.local GMA[67135] <Error>: CGContextSetFillColorWithColor: invalid context 0x0. This is a serious error. This application, or a library it uses, is using an invalid context  and is thereby contributing to an overall degradation of system stability and reliability. This notice is a courtesy: please fix this problem. It will become a fatal error in an upcoming update.
Feb  9 04:26:56 Freyr.local GMA[67135] <Error>: CGContextSetStrokeColorWithColor: invalid context 0x0. This is a serious error. This application, or a library it uses, is using an invalid context  and is thereby contributing to an overall degradation of system stability and reliability. This notice is a courtesy: please fix this problem. It will become a fatal error in an upcoming update.
Feb  9 04:26:56 Freyr.local GMA[67135] <Error>: CGContextSaveGState: invalid context 0x0. This is a serious error. This application, or a library it uses, is using an invalid context  and is thereby contributing to an overall degradation of system stability and reliability. This notice is a courtesy: please fix this problem. It will become a fatal error in an upcoming update.
Feb  9 04:26:56 Freyr.local GMA[67135] <Error>: CGContextSetFlatness: invalid context 0x0. This is a serious error. This application, or a library it uses, is using an invalid context  and is thereby contributing to an overall degradation of system stability and reliability. This notice is a courtesy: please fix this problem. It will become a fatal error in an upcoming update.
Feb  9 04:26:56 Freyr.local GMA[67135] <Error>: CGContextAddPath: invalid context 0x0. This is a serious error. This application, or a library it uses, is using an invalid context  and is thereby contributing to an overall degradation of system stability and reliability. This notice is a courtesy: please fix this problem. It will become a fatal error in an upcoming update.
Feb  9 04:26:56 Freyr.local GMA[67135] <Error>: CGContextDrawPath: invalid context 0x0. This is a serious error. This application, or a library it uses, is using an invalid context  and is thereby contributing to an overall degradation of system stability and reliability. This notice is a courtesy: please fix this problem. It will become a fatal error in an upcoming update.
Feb  9 04:26:56 Freyr.local GMA[67135] <Error>: CGContextRestoreGState: invalid context 0x0. This is a serious error. This application, or a library it uses, is using an invalid context  and is thereby contributing to an overall degradation of system stability and reliability. This notice is a courtesy: please fix this problem. It will become a fatal error in an upcoming update.
Feb  9 04:26:56 Freyr.local GMA[67135] <Error>: CGContextSaveGState: invalid context 0x0. This is a serious error. This application, or a library it uses, is using an invalid context  and is thereby contributing to an overall degradation of system stability and reliability. This notice is a courtesy: please fix this problem. It will become a fatal error in an upcoming update.
Feb  9 04:26:56 Freyr.local GMA[67135] <Error>: CGContextSetFlatness: invalid context 0x0. This is a serious error. This application, or a library it uses, is using an invalid context  and is thereby contributing to an overall degradation of system stability and reliability. This notice is a courtesy: please fix this problem. It will become a fatal error in an upcoming update.
Feb  9 04:26:56 Freyr.local GMA[67135] <Error>: CGContextAddPath: invalid context 0x0. This is a serious error. This application, or a library it uses, is using an invalid context  and is thereby contributing to an overall degradation of system stability and reliability. This notice is a courtesy: please fix this problem. It will become a fatal error in an upcoming update.
Feb  9 04:26:56 Freyr.local GMA[67135] <Error>: CGContextDrawPath: invalid context 0x0. This is a serious error. This application, or a library it uses, is using an invalid context  and is thereby contributing to an overall degradation of system stability and reliability. This notice is a courtesy: please fix this problem. It will become a fatal error in an upcoming update.
Feb  9 04:26:56 Freyr.local GMA[67135] <Error>: CGContextRestoreGState: invalid context 0x0. This is a serious error. This application, or a library it uses, is using an invalid context  and is thereby contributing to an overall degradation of system stability and reliability. This notice is a courtesy: please fix this problem. It will become a fatal error in an upcoming update.
Feb  9 04:26:56 Freyr.local GMA[67135] <Error>: CGContextSetFillColorWithColor: invalid context 0x0. This is a serious error. This application, or a library it uses, is using an invalid context  and is thereby contributing to an overall degradation of system stability and reliability. This notice is a courtesy: please fix this problem. It will become a fatal error in an upcoming update.
Feb  9 04:26:56 Freyr.local GMA[67135] <Error>: CGContextSetStrokeColorWithColor: invalid context 0x0. This is a serious error. This application, or a library it uses, is using an invalid context  and is thereby contributing to an overall degradation of system stability and reliability. This notice is a courtesy: please fix this problem. It will become a fatal error in an upcoming update.
Feb  9 04:26:56 Freyr.local GMA[67135] <Error>: CGContextSetFillColorWithColor: invalid context 0x0. This is a serious error. This application, or a library it uses, is using an invalid context  and is thereby contributing to an overall degradation of system stability and reliability. This notice is a courtesy: please fix this problem. It will become a fatal error in an upcoming update.
Feb  9 04:26:56 Freyr.local GMA[67135] <Error>: CGContextSetStrokeColorWithColor: invalid context 0x0. This is a serious error. This application, or a library it uses, is using an invalid context  and is thereby contributing to an overall degradation of system stability and reliability. This notice is a courtesy: please fix this problem. It will become a fatal error in an upcoming update.
Feb  9 04:26:56 Freyr.local GMA[67135] <Error>: CGContextGetBlendMode: invalid context 0x0. This is a serious error. This application, or a library it uses, is using an invalid context  and is thereby contributing to an overall degradation of system stability and reliability. This notice is a courtesy: please fix this problem. It will become a fatal error in an upcoming update.
Feb  9 04:26:56 Freyr.local GMA[67135] <Error>: CGContextSetBlendMode: invalid context 0x0. This is a serious error. This application, or a library it uses, is using an invalid context  and is thereby contributing to an overall degradation of system stability and reliability. This notice is a courtesy: please fix this problem. It will become a fatal error in an upcoming update.
Feb  9 04:26:56 Freyr.local GMA[67135] <Error>: CGContextFillRects: invalid context 0x0. This is a serious error. This application, or a library it uses, is using an invalid context  and is thereby contributing to an overall degradation of system stability and reliability. This notice is a courtesy: please fix this problem. It will become a fatal error in an upcoming update.
Feb  9 04:26:56 Freyr.local GMA[67135] <Error>: CGContextSetBlendMode: invalid context 0x0. This is a serious error. This application, or a library it uses, is using an invalid context  and is thereby contributing to an overall degradation of system stability and reliability. This notice is a courtesy: please fix this problem. It will become a fatal error in an upcoming update.
Feb  9 04:26:56 Freyr.local GMA[67135] <Error>: CGContextSetFillColorWithColor: invalid context 0x0. This is a serious error. This application, or a library it uses, is using an invalid context  and is thereby contributing to an overall degradation of system stability and reliability. This notice is a courtesy: please fix this problem. It will become a fatal error in an upcoming update.
Feb  9 04:26:56 Freyr.local GMA[67135] <Error>: CGContextSetStrokeColorWithColor: invalid context 0x0. This is a serious error. This application, or a library it uses, is using an invalid context  and is thereby contributing to an overall degradation of system stability and reliability. This notice is a courtesy: please fix this problem. It will become a fatal error in an upcoming update.
Feb  9 04:26:56 Freyr.local GMA[67135] <Error>: CGContextGetBlendMode: invalid context 0x0. This is a serious error. This application, or a library it uses, is using an invalid context  and is thereby contributing to an overall degradation of system stability and reliability. This notice is a courtesy: please fix this problem. It will become a fatal error in an upcoming update.
Feb  9 04:26:56 Freyr.local GMA[67135] <Error>: CGContextSetBlendMode: invalid context 0x0. This is a serious error. This application, or a library it uses, is using an invalid context  and is thereby contributing to an overall degradation of system stability and reliability. This notice is a courtesy: please fix this problem. It will become a fatal error in an upcoming update.
Feb  9 04:26:56 Freyr.local GMA[67135] <Error>: CGContextFillRects: invalid context 0x0. This is a serious error. This application, or a library it uses, is using an invalid context  and is thereby contributing to an overall degradation of system stability and reliability. This notice is a courtesy: please fix this problem. It will become a fatal error in an upcoming update.
Feb  9 04:26:56 Freyr.local GMA[67135] <Error>: CGContextSetBlendMode: invalid context 0x0. This is a serious error. This application, or a library it uses, is using an invalid context  and is thereby contributing to an overall degradation of system stability and reliability. This notice is a courtesy: please fix this problem. It will become a fatal error in an upcoming update.
Feb  9 04:26:56 Freyr.local GMA[67135] <Error>: CGContextSetFillColorWithColor: invalid context 0x0. This is a serious error. This application, or a library it uses, is using an invalid context  and is thereby contributing to an overall degradation of system stability and reliability. This notice is a courtesy: please fix this problem. It will become a fatal error in an upcoming update.
Feb  9 04:26:56 Freyr.local GMA[67135] <Error>: CGContextSetStrokeColorWithColor: invalid context 0x0. This is a serious error. This application, or a library it uses, is using an invalid context  and is thereby contributing to an overall degradation of system stability and reliability. This notice is a courtesy: please fix this problem. It will become a fatal error in an upcoming update.
Feb  9 04:26:56 Freyr.local GMA[67135] <Error>: CGContextGetBlendMode: invalid context 0x0. This is a serious error. This application, or a library it uses, is using an invalid context  and is thereby contributing to an overall degradation of system stability and reliability. This notice is a courtesy: please fix this problem. It will become a fatal error in an upcoming update.
Feb  9 04:26:56 Freyr.local GMA[67135] <Error>: CGContextSetBlendMode: invalid context 0x0. This is a serious error. This application, or a library it uses, is using an invalid context  and is thereby contributing to an overall degradation of system stability and reliability. This notice is a courtesy: please fix this problem. It will become a fatal error in an upcoming update.
Feb  9 04:26:56 Freyr.local GMA[67135] <Error>: CGContextFillRects: invalid context 0x0. This is a serious error. This application, or a library it uses, is using an invalid context  and is thereby contributing to an overall degradation of system stability and reliability. This notice is a courtesy: please fix this problem. It will become a fatal error in an upcoming update.
Feb  9 04:26:56 Freyr.local GMA[67135] <Error>: CGContextSetBlendMode: invalid context 0x0. This is a serious error. This application, or a library it uses, is using an invalid context  and is thereby contributing to an overall degradation of system stability and reliability. This notice is a courtesy: please fix this problem. It will become a fatal error in an upcoming update.
2014-02-09 04:27:25.053 GMA[67135:3007] ERROR: unable to get the receiver data from the DB!
2014-02-09 04:38:35.642 GMA[68138:80b] Multi-tasking -> Device: YES, App: YES
2014-02-09 04:38:35.657 GMA[68138:80b] Unlimited access to network resources
2014-02-09 04:38:35.732 GMA[68138:80b] Resetting plugins due to page load.
2014-02-09 04:38:35.974 GMA[68138:80b] Finished load of: file:///Users/joshuachan/Library/Application%20Support/iPhone%20Simulator/7.0.3/Applications/A69C5BF6-BB51-4B0F-9BE8-3D86B12A5AAF/GMA.app/www/index.html
2014-02-09 04:39:03.223 GMA[68138:6c03] ERROR: unable to get the receiver data from the DB!
2014-02-09 04:42:51.676 GMA[69145:a07] Multi-tasking -> Device: YES, App: YES
2014-02-09 04:42:51.782 GMA[69145:a07] Unlimited access to network resources
2014-02-09 04:42:52.763 GMA[69145:a07] Resetting plugins due to page load.
2014-02-09 04:42:53.586 GMA[69145:a07] Finished load of: file:///Users/joshuachan/Library/Application%20Support/iPhone%20Simulator/6.1/Applications/B42E3061-5551-47CF-9177-042838DFC976/GMA.app/www/index.html
2014-02-09 04:47:31.110 GMA[70124:a07] Multi-tasking -> Device: YES, App: YES
2014-02-09 04:47:31.118 GMA[70124:a07] Unlimited access to network resources
2014-02-09 04:47:31.157 GMA[70124:a07] Resetting plugins due to page load.
2014-02-09 04:47:31.362 GMA[70124:a07] Finished load of: file:///Users/joshuachan/Library/Application%20Support/iPhone%20Simulator/6.1/Applications/B42E3061-5551-47CF-9177-042838DFC976/GMA.app/www/index.html
2014-02-09 05:43:15.835 GMA[71154:a07] Multi-tasking -> Device: YES, App: YES
2014-02-09 05:43:15.853 GMA[71154:a07] Unlimited access to network resources
2014-02-09 05:43:15.918 GMA[71154:a07] Resetting plugins due to page load.
2014-02-09 05:43:16.153 GMA[71154:a07] Finished load of: file:///Users/joshuachan/Library/Application%20Support/iPhone%20Simulator/6.1/Applications/B42E3061-5551-47CF-9177-042838DFC976/GMA.app/www/index.html
2014-02-09 05:50:55.328 GMA[72135:a07] Multi-tasking -> Device: YES, App: YES
2014-02-09 05:50:55.352 GMA[72135:a07] Unlimited access to network resources
2014-02-09 05:50:55.421 GMA[72135:a07] Resetting plugins due to page load.
2014-02-09 05:50:55.661 GMA[72135:a07] Finished load of: file:///Users/joshuachan/Library/Application%20Support/iPhone%20Simulator/6.1/Applications/B42E3061-5551-47CF-9177-042838DFC976/GMA.app/www/index.html
2014-02-09 05:52:48.955 GMA[73100:a07] Multi-tasking -> Device: YES, App: YES
2014-02-09 05:52:48.963 GMA[73100:a07] Unlimited access to network resources
2014-02-09 05:52:49.001 GMA[73100:a07] Resetting plugins due to page load.
2014-02-09 05:52:49.203 GMA[73100:a07] Finished load of: file:///Users/joshuachan/Library/Application%20Support/iPhone%20Simulator/6.1/Applications/B42E3061-5551-47CF-9177-042838DFC976/GMA.app/www/index.html
2014-02-09 05:57:05.250 GMA[74075:a07] Multi-tasking -> Device: YES, App: YES
2014-02-09 05:57:05.257 GMA[74075:a07] Unlimited access to network resources
2014-02-09 05:57:05.306 GMA[74075:a07] Resetting plugins due to page load.
2014-02-09 05:57:05.567 GMA[74075:a07] Finished load of: file:///Users/joshuachan/Library/Application%20Support/iPhone%20Simulator/6.1/Applications/B42E3061-5551-47CF-9177-042838DFC976/GMA.app/www/index.html
2014-02-09 06:46:26.444 GMA[75111:a07] Multi-tasking -> Device: YES, App: YES
2014-02-09 06:46:26.455 GMA[75111:a07] Unlimited access to network resources
2014-02-09 06:46:26.483 GMA[75111:a07] Resetting plugins due to page load.
2014-02-09 06:46:26.731 GMA[75111:a07] Finished load of: file:///Users/joshuachan/Library/Application%20Support/iPhone%20Simulator/6.1/Applications/B42E3061-5551-47CF-9177-042838DFC976/GMA.app/www/index.html
2014-02-09 06:49:03.284 GMA[75111:a07] THREAD WARNING: ['Notification'] took '16.911133' ms. Plugin should use a background thread.
2014-02-09 09:09:32.977 GMA[76394:80b] Multi-tasking -> Device: YES, App: YES
2014-02-09 09:09:33.017 GMA[76394:80b] Unlimited access to network resources
2014-02-09 09:09:33.203 GMA[76394:80b] Resetting plugins due to page load.
2014-02-09 09:09:33.520 GMA[76394:80b] Finished load of: file:///Users/joshuachan/Library/Application%20Support/iPhone%20Simulator/7.0.3/Applications/A69C5BF6-BB51-4B0F-9BE8-3D86B12A5AAF/GMA.app/www/index.html
2014-02-09 09:09:55.405 GMA[76394:2607] ERROR: unable to get the receiver data from the DB!
2014-02-09 10:30:16.219 GMA[76394:80b] THREAD WARNING: ['Notification'] took '21.465088' ms. Plugin should use a background thread.
2014-02-10 21:27:42.367 GMA[3103:80b] Multi-tasking -> Device: YES, App: YES
2014-02-10 21:27:42.490 GMA[3103:80b] Unlimited access to network resources
2014-02-10 21:27:42.733 GMA[3103:80b] Resetting plugins due to page load.
2014-02-10 21:27:43.198 GMA[3103:80b] Finished load of: file:///Users/joshuachan/Library/Application%20Support/iPhone%20Simulator/7.0.3/Applications/A69C5BF6-BB51-4B0F-9BE8-3D86B12A5AAF/GMA.app/www/index.html
2014-02-10 21:30:09.807 GMA[4104:80b] Multi-tasking -> Device: YES, App: YES
2014-02-10 21:30:09.819 GMA[4104:80b] Unlimited access to network resources
2014-02-10 21:30:10.068 GMA[4104:80b] Resetting plugins due to page load.
2014-02-10 21:30:12.815 GMA[4104:80b] Finished load of: file:///Users/joshuachan/Library/Application%20Support/iPhone%20Simulator/7.0.3/Applications/A69C5BF6-BB51-4B0F-9BE8-3D86B12A5AAF/GMA.app/www/index.html
2014-02-10 21:42:40.244 GMA[5114:80b] Multi-tasking -> Device: YES, App: YES
2014-02-10 21:42:40.255 GMA[5114:80b] Unlimited access to network resources
2014-02-10 21:42:40.549 GMA[5114:80b] Resetting plugins due to page load.
2014-02-10 21:42:44.452 GMA[5114:80b] Finished load of: file:///Users/joshuachan/Library/Application%20Support/iPhone%20Simulator/7.0.3/Applications/A69C5BF6-BB51-4B0F-9BE8-3D86B12A5AAF/GMA.app/www/index.html
2014-02-11 21:43:30.315 GMA[9699:80b] Multi-tasking -> Device: YES, App: YES
2014-02-11 21:43:30.334 GMA[9699:80b] Unlimited access to network resources
2014-02-11 21:43:30.595 GMA[9699:80b] Resetting plugins due to page load.
2014-02-11 21:43:30.957 GMA[9699:80b] Finished load of: file:///Users/joshuachan/Library/Application%20Support/iPhone%20Simulator/7.0.3/Applications/A69C5BF6-BB51-4B0F-9BE8-3D86B12A5AAF/GMA.app/www/index.html
2014-02-11 21:45:22.934 GMA[11674:80b] Multi-tasking -> Device: YES, App: YES
2014-02-11 21:45:22.945 GMA[11674:80b] Unlimited access to network resources
2014-02-11 21:45:23.201 GMA[11674:80b] Resetting plugins due to page load.
2014-02-11 21:45:23.703 GMA[11674:80b] Finished load of: file:///Users/joshuachan/Library/Application%20Support/iPhone%20Simulator/7.0.3/Applications/A69C5BF6-BB51-4B0F-9BE8-3D86B12A5AAF/GMA.app/www/index.html
2014-02-11 21:58:43.793 GMA[12691:80b] Multi-tasking -> Device: YES, App: YES
2014-02-11 21:58:43.806 GMA[12691:80b] Unlimited access to network resources
2014-02-11 21:58:44.058 GMA[12691:80b] Resetting plugins due to page load.
2014-02-11 21:58:44.467 GMA[12691:80b] Finished load of: file:///Users/joshuachan/Library/Application%20Support/iPhone%20Simulator/7.0.3/Applications/A69C5BF6-BB51-4B0F-9BE8-3D86B12A5AAF/GMA.app/www/index.html
2014-02-11 21:58:58.689 GMA[12691:3f03] void SendDelegateMessage(NSInvocation *): delegate (webView:runJavaScriptAlertPanelWithMessage:initiatedByFrame:) failed to return after waiting 10 seconds. main run loop mode: kCFRunLoopDefaultMode
2014-02-11 22:00:28.742 GMA[13682:80b] Multi-tasking -> Device: YES, App: YES
2014-02-11 22:00:28.754 GMA[13682:80b] Unlimited access to network resources
2014-02-11 22:00:28.995 GMA[13682:80b] Resetting plugins due to page load.
2014-02-11 22:00:29.259 GMA[13682:80b] Finished load of: file:///Users/joshuachan/Library/Application%20Support/iPhone%20Simulator/7.0.3/Applications/A69C5BF6-BB51-4B0F-9BE8-3D86B12A5AAF/GMA.app/www/index.html
2014-02-11 22:00:42.220 GMA[13682:4003] void SendDelegateMessage(NSInvocation *): delegate (webView:runJavaScriptAlertPanelWithMessage:initiatedByFrame:) failed to return after waiting 10 seconds. main run loop mode: kCFRunLoopDefaultMode
2014-02-11 22:00:42.303 GMA[13682:80b] *** Assertion failure in -[UIApplication runModal:](), /SourceCache/UIKit_Sim/UIKit-2903.23/UIApplication.m:9465
2014-02-11 22:00:42.336 GMA[13682:80b] *** WebKit discarded an uncaught exception in the webView:runJavaScriptAlertPanelWithMessage:initiatedByFrame: delegate: <NSInternalInconsistencyException> The view passed in does not have a window.
2014-02-11 22:00:45.142 GMA[13682:80b] THREAD WARNING: ['Globalization'] took '2910.940674' ms. Plugin should use a background thread.
2014-02-11 22:02:19.570 GMA[14677:80b] Multi-tasking -> Device: YES, App: YES
2014-02-11 22:02:19.581 GMA[14677:80b] Unlimited access to network resources
2014-02-11 22:02:19.820 GMA[14677:80b] Resetting plugins due to page load.
2014-02-11 22:02:20.150 GMA[14677:80b] Finished load of: file:///Users/joshuachan/Library/Application%20Support/iPhone%20Simulator/7.0.3/Applications/A69C5BF6-BB51-4B0F-9BE8-3D86B12A5AAF/GMA.app/www/index.html
2014-02-11 22:02:20.237 GMA[14677:80b] *** Assertion failure in -[UIApplication runModal:](), /SourceCache/UIKit_Sim/UIKit-2903.23/UIApplication.m:9465
2014-02-11 22:02:20.237 GMA[14677:80b] *** WebKit discarded an uncaught exception in the webView:runJavaScriptAlertPanelWithMessage:initiatedByFrame: delegate: <NSInternalInconsistencyException> The view passed in does not have a window.
2014-02-11 22:02:24.076 GMA[14677:80b] THREAD WARNING: ['Globalization'] took '3886.710693' ms. Plugin should use a background thread.
2014-02-11 22:07:20.071 GMA[15670:80b] Multi-tasking -> Device: YES, App: YES
2014-02-11 22:07:20.084 GMA[15670:80b] Unlimited access to network resources
2014-02-11 22:07:20.332 GMA[15670:80b] Resetting plugins due to page load.
2014-02-11 22:07:20.730 GMA[15670:80b] Finished load of: file:///Users/joshuachan/Library/Application%20Support/iPhone%20Simulator/7.0.3/Applications/A69C5BF6-BB51-4B0F-9BE8-3D86B12A5AAF/GMA.app/www/index.html
2014-02-11 22:07:27.302 GMA[15670:80b] THREAD WARNING: ['Globalization'] took '6551.601074' ms. Plugin should use a background thread.
2014-02-11 22:11:10.651 GMA[16670:80b] Multi-tasking -> Device: YES, App: YES
2014-02-11 22:11:10.663 GMA[16670:80b] Unlimited access to network resources
2014-02-11 22:11:10.912 GMA[16670:80b] Resetting plugins due to page load.
2014-02-11 22:11:11.219 GMA[16670:80b] Finished load of: file:///Users/joshuachan/Library/Application%20Support/iPhone%20Simulator/7.0.3/Applications/A69C5BF6-BB51-4B0F-9BE8-3D86B12A5AAF/GMA.app/www/index.html
2014-02-11 22:11:15.089 GMA[16670:80b] THREAD WARNING: ['Globalization'] took '3849.157959' ms. Plugin should use a background thread.
2014-02-11 22:14:01.494 GMA[17673:80b] Multi-tasking -> Device: YES, App: YES
2014-02-11 22:14:01.510 GMA[17673:80b] Unlimited access to network resources
2014-02-11 22:14:01.594 GMA[17673:80b] Resetting plugins due to page load.
2014-02-11 22:14:01.965 GMA[17673:80b] Finished load of: file:///Users/joshuachan/Library/Application%20Support/iPhone%20Simulator/7.0.3/Applications/A69C5BF6-BB51-4B0F-9BE8-3D86B12A5AAF/GMA.app/www/index.html
2014-02-11 22:14:05.712 GMA[17673:80b] THREAD WARNING: ['Globalization'] took '3727.848877' ms. Plugin should use a background thread.
2014-02-11 22:42:09.208 GMA[18735:80b] Multi-tasking -> Device: YES, App: YES
2014-02-11 22:42:09.220 GMA[18735:80b] Unlimited access to network resources
2014-02-11 22:42:09.415 GMA[18735:80b] Resetting plugins due to page load.
2014-02-11 22:42:09.770 GMA[18735:80b] Finished load of: file:///Users/joshuachan/Library/Application%20Support/iPhone%20Simulator/7.0.3/Applications/A69C5BF6-BB51-4B0F-9BE8-3D86B12A5AAF/GMA.app/www/index.html
2014-02-11 22:42:09.801 GMA[18735:80b] log1
2014-02-11 22:42:16.462 GMA[18735:80b] THREAD WARNING: ['Globalization'] took '6661.412354' ms. Plugin should use a background thread.
2014-02-11 23:30:27.098 GMA[19807:80b] Multi-tasking -> Device: YES, App: YES
2014-02-11 23:30:27.114 GMA[19807:80b] Unlimited access to network resources
2014-02-11 23:30:27.372 GMA[19807:80b] Resetting plugins due to page load.
2014-02-11 23:30:27.717 GMA[19807:80b] Finished load of: file:///Users/joshuachan/Library/Application%20Support/iPhone%20Simulator/7.0.3/Applications/A69C5BF6-BB51-4B0F-9BE8-3D86B12A5AAF/GMA.app/www/index.html
2014-02-11 23:30:27.738 GMA[19807:80b] log1
2014-02-11 23:30:37.347 GMA[19807:80b] THREAD WARNING: ['Globalization'] took '9608.422852' ms. Plugin should use a background thread.
2014-02-11 23:45:27.851 GMA[20866:80b] Multi-tasking -> Device: YES, App: YES
2014-02-11 23:45:27.864 GMA[20866:80b] Unlimited access to network resources
2014-02-11 23:45:28.117 GMA[20866:80b] Resetting plugins due to page load.
2014-02-11 23:45:28.373 GMA[20866:80b] Finished load of: file:///Users/joshuachan/Library/Application%20Support/iPhone%20Simulator/7.0.3/Applications/A69C5BF6-BB51-4B0F-9BE8-3D86B12A5AAF/GMA.app/www/index.html
2014-02-11 23:45:28.466 GMA[20866:80b] log1
2014-02-11 23:49:13.493 GMA[21873:80b] Multi-tasking -> Device: YES, App: YES
2014-02-11 23:49:13.505 GMA[21873:80b] Unlimited access to network resources
2014-02-11 23:49:13.687 GMA[21873:80b] Resetting plugins due to page load.
2014-02-11 23:49:14.005 GMA[21873:80b] Finished load of: file:///Users/joshuachan/Library/Application%20Support/iPhone%20Simulator/7.0.3/Applications/A69C5BF6-BB51-4B0F-9BE8-3D86B12A5AAF/GMA.app/www/index.html
2014-02-11 23:49:32.610 GMA[21873:80b] THREAD WARNING: ['Notification'] took '14.387939' ms. Plugin should use a background thread.
2014-02-11 23:49:45.582 GMA[21873:420b] ERROR: unable to get the receiver data from the DB!
2014-02-11 23:49:56.769 GMA[21873:80b] THREAD WARNING: ['Notification'] took '12.808105' ms. Plugin should use a background thread.
2014-02-12 04:24:02.930 GMA[23347:80b] Multi-tasking -> Device: YES, App: YES
2014-02-12 04:24:02.953 GMA[23347:80b] Unlimited access to network resources
2014-02-12 04:24:03.209 GMA[23347:80b] Resetting plugins due to page load.
2014-02-12 04:24:03.616 GMA[23347:80b] Finished load of: file:///Users/joshuachan/Library/Application%20Support/iPhone%20Simulator/7.0.3/Applications/A69C5BF6-BB51-4B0F-9BE8-3D86B12A5AAF/GMA.app/www/index.html
2014-02-12 04:24:34.926 GMA[23347:80b] THREAD WARNING: ['Notification'] took '18.797119' ms. Plugin should use a background thread.
2014-02-12 04:25:33.014 GMA[23347:80b] THREAD WARNING: ['Notification'] took '10.499023' ms. Plugin should use a background thread.
2014-02-13 01:28:34.843 GMA[32759:80b] Multi-tasking -> Device: YES, App: YES
2014-02-13 01:28:34.869 GMA[32759:80b] Unlimited access to network resources
2014-02-13 01:28:35.153 GMA[32759:80b] Resetting plugins due to page load.
2014-02-13 01:28:35.586 GMA[32759:80b] Finished load of: file:///Users/joshuachan/Library/Application%20Support/iPhone%20Simulator/7.0.3/Applications/A69C5BF6-BB51-4B0F-9BE8-3D86B12A5AAF/GMA.app/www/index.html
2014-02-13 01:28:49.842 GMA[32759:80b] THREAD WARNING: ['Notification'] took '17.879883' ms. Plugin should use a background thread.
2014-02-13 01:40:52.918 GMA[33830:80b] Multi-tasking -> Device: YES, App: YES
2014-02-13 01:40:52.930 GMA[33830:80b] Unlimited access to network resources
2014-02-13 01:40:53.011 GMA[33830:80b] Resetting plugins due to page load.
2014-02-13 01:40:53.440 GMA[33830:80b] Finished load of: file:///Users/joshuachan/Library/Application%20Support/iPhone%20Simulator/7.0.3/Applications/A69C5BF6-BB51-4B0F-9BE8-3D86B12A5AAF/GMA.app/www/index.html
2014-02-13 01:41:03.494 GMA[33830:80b] THREAD WARNING: ['Notification'] took '17.452881' ms. Plugin should use a background thread.
2014-02-13 01:44:33.725 GMA[34839:80b] Multi-tasking -> Device: YES, App: YES
2014-02-13 01:44:33.736 GMA[34839:80b] Unlimited access to network resources
2014-02-13 01:44:33.987 GMA[34839:80b] Resetting plugins due to page load.
2014-02-13 01:44:34.333 GMA[34839:80b] Finished load of: file:///Users/joshuachan/Library/Application%20Support/iPhone%20Simulator/7.0.3/Applications/A69C5BF6-BB51-4B0F-9BE8-3D86B12A5AAF/GMA.app/www/index.html
2014-02-13 01:46:17.818 GMA[35843:80b] Multi-tasking -> Device: YES, App: YES
2014-02-13 01:46:17.830 GMA[35843:80b] Unlimited access to network resources
2014-02-13 01:46:18.070 GMA[35843:80b] Resetting plugins due to page load.
2014-02-13 01:46:18.397 GMA[35843:80b] Finished load of: file:///Users/joshuachan/Library/Application%20Support/iPhone%20Simulator/7.0.3/Applications/A69C5BF6-BB51-4B0F-9BE8-3D86B12A5AAF/GMA.app/www/index.html
2014-02-13 01:47:49.781 GMA[35843:3f03] void SendDelegateMessage(NSInvocation *): delegate (webView:runJavaScriptAlertPanelWithMessage:initiatedByFrame:) failed to return after waiting 10 seconds. main run loop mode: kCFRunLoopDefaultMode
2014-02-13 01:49:51.035 GMA[37852:80b] Multi-tasking -> Device: YES, App: YES
2014-02-13 01:49:51.046 GMA[37852:80b] Unlimited access to network resources
2014-02-13 01:49:51.149 GMA[37852:80b] Resetting plugins due to page load.
2014-02-13 01:49:51.617 GMA[37852:80b] Finished load of: file:///Users/joshuachan/Library/Application%20Support/iPhone%20Simulator/7.0.3/Applications/A69C5BF6-BB51-4B0F-9BE8-3D86B12A5AAF/GMA.app/www/index.html
2014-02-13 01:50:02.168 GMA[37852:80b] THREAD WARNING: ['Notification'] took '17.959717' ms. Plugin should use a background thread.
2014-02-13 01:53:36.985 GMA[38865:80b] Multi-tasking -> Device: YES, App: YES
2014-02-13 01:53:36.996 GMA[38865:80b] Unlimited access to network resources
2014-02-13 01:53:37.285 GMA[38865:80b] Resetting plugins due to page load.
2014-02-13 01:53:37.579 GMA[38865:80b] Finished load of: file:///Users/joshuachan/Library/Application%20Support/iPhone%20Simulator/7.0.3/Applications/A69C5BF6-BB51-4B0F-9BE8-3D86B12A5AAF/GMA.app/www/index.html
2014-02-13 01:58:12.656 GMA[39870:80b] Multi-tasking -> Device: YES, App: YES
2014-02-13 01:58:12.667 GMA[39870:80b] Unlimited access to network resources
2014-02-13 01:58:12.916 GMA[39870:80b] Resetting plugins due to page load.
2014-02-13 01:58:13.289 GMA[39870:80b] Finished load of: file:///Users/joshuachan/Library/Application%20Support/iPhone%20Simulator/7.0.3/Applications/A69C5BF6-BB51-4B0F-9BE8-3D86B12A5AAF/GMA.app/www/index.html
2014-02-13 01:59:53.039 GMA[40872:80b] Multi-tasking -> Device: YES, App: YES
2014-02-13 01:59:53.050 GMA[40872:80b] Unlimited access to network resources
2014-02-13 01:59:53.308 GMA[40872:80b] Resetting plugins due to page load.
2014-02-13 01:59:53.672 GMA[40872:80b] Finished load of: file:///Users/joshuachan/Library/Application%20Support/iPhone%20Simulator/7.0.3/Applications/A69C5BF6-BB51-4B0F-9BE8-3D86B12A5AAF/GMA.app/www/index.html
2014-02-13 04:50:07.763 GMA[44876:80b] Multi-tasking -> Device: YES, App: YES
2014-02-13 04:50:07.811 GMA[44876:80b] Unlimited access to network resources
2014-02-13 04:50:07.894 GMA[44876:80b] Resetting plugins due to page load.
2014-02-13 04:50:08.382 GMA[44876:80b] Finished load of: file:///Users/joshuachan/Library/Application%20Support/iPhone%20Simulator/7.0.3/Applications/A69C5BF6-BB51-4B0F-9BE8-3D86B12A5AAF/GMA.app/www/index.html
